<?xml version="1.0" encoding="UTF-8"?>
<testsuites>
    <testsuite name="fastlane.lanes">


        <testcase name="0: default_platform" classname="fastlane.lanes" time="0.002012">

        </testcase>


        <testcase name="1: clean buildHealth build" classname="fastlane.lanes" time="6.633563">

            <failure
                message="/Users/sj/.rbenv/versions/3.1.2/lib/ruby/gems/3.1.0/gems/fastlane-2.209.1/fastlane/lib/fastlane/actions/actions_helper.rb:67:in `execute_action&apos;&#10;/Users/sj/.rbenv/versions/3.1.2/lib/ruby/gems/3.1.0/gems/fastlane-2.209.1/fastlane/lib/fastlane/runner.rb:255:in `block in execute_action&apos;&#10;/Users/sj/.rbenv/versions/3.1.2/lib/ruby/gems/3.1.0/gems/fastlane-2.209.1/fastlane/lib/fastlane/runner.rb:229:in `chdir&apos;&#10;/Users/sj/.rbenv/versions/3.1.2/lib/ruby/gems/3.1.0/gems/fastlane-2.209.1/fastlane/lib/fastlane/runner.rb:229:in `execute_action&apos;&#10;/Users/sj/.rbenv/versions/3.1.2/lib/ruby/gems/3.1.0/gems/fastlane-2.209.1/fastlane/lib/fastlane/runner.rb:157:in `trigger_action_by_name&apos;&#10;/Users/sj/.rbenv/versions/3.1.2/lib/ruby/gems/3.1.0/gems/fastlane-2.209.1/fastlane/lib/fastlane/fast_file.rb:159:in `method_missing&apos;&#10;Fastfile:10:in `block (2 levels) in parsing_binding&apos;&#10;/Users/sj/.rbenv/versions/3.1.2/lib/ruby/gems/3.1.0/gems/fastlane-2.209.1/fastlane/lib/fastlane/lane.rb:33:in `call&apos;&#10;/Users/sj/.rbenv/versions/3.1.2/lib/ruby/gems/3.1.0/gems/fastlane-2.209.1/fastlane/lib/fastlane/runner.rb:49:in `block in execute&apos;&#10;/Users/sj/.rbenv/versions/3.1.2/lib/ruby/gems/3.1.0/gems/fastlane-2.209.1/fastlane/lib/fastlane/runner.rb:45:in `chdir&apos;&#10;/Users/sj/.rbenv/versions/3.1.2/lib/ruby/gems/3.1.0/gems/fastlane-2.209.1/fastlane/lib/fastlane/runner.rb:45:in `execute&apos;&#10;/Users/sj/.rbenv/versions/3.1.2/lib/ruby/gems/3.1.0/gems/fastlane-2.209.1/fastlane/lib/fastlane/lane_manager.rb:47:in `cruise_lane&apos;&#10;/Users/sj/.rbenv/versions/3.1.2/lib/ruby/gems/3.1.0/gems/fastlane-2.209.1/fastlane/lib/fastlane/command_line_handler.rb:36:in `handle&apos;&#10;/Users/sj/.rbenv/versions/3.1.2/lib/ruby/gems/3.1.0/gems/fastlane-2.209.1/fastlane/lib/fastlane/commands_generator.rb:110:in `block (2 levels) in run&apos;&#10;/Users/sj/.rbenv/versions/3.1.2/lib/ruby/gems/3.1.0/gems/commander-4.6.0/lib/commander/command.rb:187:in `call&apos;&#10;/Users/sj/.rbenv/versions/3.1.2/lib/ruby/gems/3.1.0/gems/commander-4.6.0/lib/commander/command.rb:157:in `run&apos;&#10;/Users/sj/.rbenv/versions/3.1.2/lib/ruby/gems/3.1.0/gems/commander-4.6.0/lib/commander/runner.rb:444:in `run_active_command&apos;&#10;/Users/sj/.rbenv/versions/3.1.2/lib/ruby/gems/3.1.0/gems/fastlane-2.209.1/fastlane_core/lib/fastlane_core/ui/fastlane_runner.rb:124:in `run!&apos;&#10;/Users/sj/.rbenv/versions/3.1.2/lib/ruby/gems/3.1.0/gems/commander-4.6.0/lib/commander/delegates.rb:18:in `run!&apos;&#10;/Users/sj/.rbenv/versions/3.1.2/lib/ruby/gems/3.1.0/gems/fastlane-2.209.1/fastlane/lib/fastlane/commands_generator.rb:354:in `run&apos;&#10;/Users/sj/.rbenv/versions/3.1.2/lib/ruby/gems/3.1.0/gems/fastlane-2.209.1/fastlane/lib/fastlane/commands_generator.rb:43:in `start&apos;&#10;/Users/sj/.rbenv/versions/3.1.2/lib/ruby/gems/3.1.0/gems/fastlane-2.209.1/fastlane/lib/fastlane/cli_tools_distributor.rb:123:in `take_off&apos;&#10;/Users/sj/.rbenv/versions/3.1.2/lib/ruby/gems/3.1.0/gems/fastlane-2.209.1/bin/fastlane:23:in `&lt;top (required)&gt;&apos;&#10;/Users/sj/.rbenv/versions/3.1.2/bin/fastlane:25:in `load&apos;&#10;/Users/sj/.rbenv/versions/3.1.2/bin/fastlane:25:in `&lt;top (required)&gt;&apos;&#10;/Users/sj/.rbenv/versions/3.1.2/lib/ruby/gems/3.1.0/gems/bundler-2.3.21/lib/bundler/cli/exec.rb:58:in `load&apos;&#10;/Users/sj/.rbenv/versions/3.1.2/lib/ruby/gems/3.1.0/gems/bundler-2.3.21/lib/bundler/cli/exec.rb:58:in `kernel_load&apos;&#10;/Users/sj/.rbenv/versions/3.1.2/lib/ruby/gems/3.1.0/gems/bundler-2.3.21/lib/bundler/cli/exec.rb:23:in `run&apos;&#10;/Users/sj/.rbenv/versions/3.1.2/lib/ruby/gems/3.1.0/gems/bundler-2.3.21/lib/bundler/cli.rb:485:in `exec&apos;&#10;/Users/sj/.rbenv/versions/3.1.2/lib/ruby/gems/3.1.0/gems/bundler-2.3.21/lib/bundler/vendor/thor/lib/thor/command.rb:27:in `run&apos;&#10;/Users/sj/.rbenv/versions/3.1.2/lib/ruby/gems/3.1.0/gems/bundler-2.3.21/lib/bundler/vendor/thor/lib/thor/invocation.rb:127:in `invoke_command&apos;&#10;/Users/sj/.rbenv/versions/3.1.2/lib/ruby/gems/3.1.0/gems/bundler-2.3.21/lib/bundler/vendor/thor/lib/thor.rb:392:in `dispatch&apos;&#10;/Users/sj/.rbenv/versions/3.1.2/lib/ruby/gems/3.1.0/gems/bundler-2.3.21/lib/bundler/cli.rb:31:in `dispatch&apos;&#10;/Users/sj/.rbenv/versions/3.1.2/lib/ruby/gems/3.1.0/gems/bundler-2.3.21/lib/bundler/vendor/thor/lib/thor/base.rb:485:in `start&apos;&#10;/Users/sj/.rbenv/versions/3.1.2/lib/ruby/gems/3.1.0/gems/bundler-2.3.21/lib/bundler/cli.rb:25:in `start&apos;&#10;/Users/sj/.rbenv/versions/3.1.2/lib/ruby/gems/3.1.0/gems/bundler-2.3.21/exe/bundle:48:in `block in &lt;top (required)&gt;&apos;&#10;/Users/sj/.rbenv/versions/3.1.2/lib/ruby/gems/3.1.0/gems/bundler-2.3.21/lib/bundler/friendly_errors.rb:120:in `with_friendly_errors&apos;&#10;/Users/sj/.rbenv/versions/3.1.2/lib/ruby/gems/3.1.0/gems/bundler-2.3.21/exe/bundle:36:in `&lt;top (required)&gt;&apos;&#10;/Users/sj/.rbenv/versions/3.1.2/bin/bundle:25:in `load&apos;&#10;/Users/sj/.rbenv/versions/3.1.2/bin/bundle:25:in `&lt;main&gt;&apos;&#10;&#10;Exit status of command &apos;/Users/sj/AndroidApps/AndroidAppTemplate/gradlew clean buildHealth build -p .&apos; was 1 instead of 0.&#10;&#10;&#10;[1A[1m&gt; Connecting to Daemon[m[22D[1B[2AConfiguration on demand is an incubating feature.&#10;[1B[0K&#10;[2A[1m&lt;[0;1m-------------&gt; 0% INITIALIZING [55ms][m[38D[1B[1m&gt; Evaluating settings[m[21D[1B[2A[1m&lt;[0;1m-------------&gt; 0% INITIALIZING [158ms][m[39D[1B[1m&gt; Evaluating settings &gt; Resolve dependencies of detachedConfiguration1[m[70D[1B[2A[1m&lt;[0;1m-------------&gt; 0% INITIALIZING [256ms][m[39D[1B[1m&gt; Evaluating settings[m[0K[21D[1B[2A[1m&lt;[0;1m-------------&gt; 0% INITIALIZING [356ms][m[39D[2B[2A[1m&lt;[0;1m-------------&gt; 0% CONFIGURING [459ms][m[0K[38D[1B[1m&gt; Building buildSrc &gt; :buildSrc[m[31D[1B[2A[1m&lt;[0;32;1m==[0;39;1m-----------&gt; 16% CONFIGURING [555ms][m[39D[1B[1m&gt; Building buildSrc &gt; :buildSrc:compileKotlin &gt; Resolve dependencies of :buildS[m[79D[1B[2A[1m&lt;[0;32;1m==[0;39;1m-----------&gt; 16% CONFIGURING [658ms][m[39D[1B[1m&gt; Building buildSrc[m[0K[19D[1B[2A[1m&lt;[0;32;1m====[0;39;1m---------&gt; 33% CONFIGURING [758ms][m[39D[1B[1m&gt; :app[m[0K[6D[1B[2A[1m&lt;[0;32;1m======[0;39;1m-------&gt; 50% CONFIGURING [856ms][m[39D[1B[1m&gt; :macrobenchmark[m[17D[1B[2A[1m&lt;[0;32;1m========[0;39;1m-----&gt; 66% CONFIGURING [956ms][m[39D[1B[1m&gt; :main[m[0K[7D[1B[2A[1m&lt;[0;32;1m==========[0;39;1m---&gt; 83% CONFIGURING [1s][m[0K[36D[1B[1m&gt; :microbenchmark[m[17D[1B[2A[1m&lt;[0;32;1m=============[0;39;1m&gt; 100% CONFIGURING [1s][m[37D[1B&gt; IDLE[0K[6D[1B&#10;&#10;&#10;[5A[1m&lt;[0;1m-------------&gt; 0% EXECUTING [1s][m[0K[33D[1B[1m&gt; Resolve dependencies of :app:debugRuntimeClasspath[m[52D[1B[1m&gt; :clean[m[8D[1B[1m&gt; :macrobenchmark:clean[m[23D[1B[1m&gt; :main:clean[m[13D[1B[5A[1m&lt;[0;1m-------------&gt; 1% EXECUTING [1s][m[33D[1B[1m&gt; Resolve files of :app:debugRuntimeClasspath[m[0K[45D[1B[1m&gt; :microbenchmark:clean[m[23D[1B[1m&gt; :app:clean[m[0K[12D[2B[5A[1m&lt;[0;1m-------------&gt; 6% EXECUTING [1s][m[33D[2B[1m&gt; :main:compileReleaseKotlin[m[28D[2B[1m&gt; :macrobenchmark:processBenchmarkManifest[m[42D[1B[5A[1m&lt;[0;32;1m=[0;39;1m------------&gt; 14% EXECUTING [1s][m[34D[1B[1m&gt; :app:extractPackageNameFromManifestBenchmarkTest &gt; Resolve dependencies of :a[m[79D[2B&gt; IDLE[0K[6D[1B[1m&gt; :macrobenchmark:processBenchmarkResources &gt; Resolve files of :macrobenchmark:[m[79D[1B[5A[1m&lt;[0;32;1m===[0;39;1m----------&gt; 23% EXECUTING [2s][m[34D[1B[1m&gt; :microbenchmark:findAndroidLintersDebugTest &gt; Resolve dependencies of :microb[m[79D[1B[1m&gt; :macrobenchmark:mergeBenchmarkAssets &gt; Unpacking build cache entry[m[68D[1B[1m&gt; Transforming classes.jar (project :main) with IdentityTransform[m[65D[1B[1m&gt; Transforming classes.jar (project :main) with IdentityTransform[m[0K[65D[1B[5A[1m&lt;[0;32;1m====[0;39;1m---------&gt; 33% EXECUTING [2s][m[34D[1B[1m&gt; :microbenchmark:graphViewDebug &gt; Unpacking build cache entry[m[0K[62D[2B[1m&gt; Transforming full.jar (project :main) with IdentityTransform[m[0K[62D[1B[1m&gt; Transforming full.jar (project :main) with IdentityTransform[m[0K[62D[1B[5A[1m&lt;[0;32;1m=====[0;39;1m--------&gt; 43% EXECUTING [2s][m[34D[1B[1m&gt; :microbenchmark:findAndroidAssetProvidersDebugTest[m[0K[52D[2B[1m&gt; :main:artifactsReportDebugTest[m[0K[32D[1B[1m&gt; :app:explodeJarBenchmarkTest &gt; Unpacking build cache entry[m[0K[60D[1B[5A[1m&lt;[0;32;1m=======[0;39;1m------&gt; 55% EXECUTING [2s][m[34D[1B[1m&gt; :main:findAndroidAssetProvidersRelease[m[0K[40D[2B[1m&gt; :microbenchmark:synthesizeProjectViewReleaseTest &gt; Unpacking build cache entr[m[79D[1B[1m&gt; :app:mergeDebugResources &gt; Unpacking build cache entry[m[0K[56D[1B[5A[1m&lt;[0;32;1m=======[0;39;1m------&gt; 60% EXECUTING [2s][m[34D[1B[1m&gt; :microbenchmark:mergeDebugJavaResource[m[40D[1B[1m&gt; :macrobenchmark:compressBenchmarkAssets &gt; Unpacking build cache entry[m[71D[1B[1m&gt; :app:compileDebugJavaWithJavac[m[0K[32D[1B[1m&gt; :main:graphViewReleaseTest &gt; Resolve dependencies of :main:releaseUnitTestCom[m[79D[1B[5A[1m&lt;[0;32;1m========[0;39;1m-----&gt; 64% EXECUTING [2s][m[34D[1B[1m&gt; :microbenchmark:verifyReleaseResources &gt; Unpacking build cache entry[m[70D[2B[1m&gt; :main:synthesizeDependenciesReleaseTest &gt; Unpacking build cache entry[m[71D[1B[1m&gt; :app:explodeJarDebugTest &gt; Unpacking build cache entry[m[0K[56D[1B[5A[1m&lt;[0;32;1m========[0;39;1m-----&gt; 68% EXECUTING [2s][m[34D[1B[1m&gt; :main:explodeByteCodeSourceReleaseTest[m[0K[40D[1B[1m&gt; :macrobenchmark:mergeBenchmarkJavaResource[m[0K[44D[1B[1m&gt; :macrobenchmark:mergeBenchmarkNativeLibs[m[0K[42D[1B[1m&gt; :app:findAndroidAssetProvidersRelease &gt; Resolve files of :app:releaseRuntimeC[m[79D[1B[5A[1m&lt;[0;32;1m=========[0;39;1m----&gt; 70% EXECUTING [2s][m[34D[1B[1m&gt; :macrobenchmark:mergeExtDexBenchmark &gt; Unpacking build cache entry[m[68D[2B[1m&gt; :app:checkReleaseAarMetadata[m[0K[30D[1B[1m&gt; :app:mergeReleaseResources[m[0K[28D[1B[5A[1m&lt;[0;32;1m=========[0;39;1m----&gt; 74% EXECUTING [2s][m[34D[1B[1m&gt; :app:processReleaseManifestForPackage &gt; Unpacking build cache entry[m[69D[2B&gt; IDLE[0K[6D[1B[1m&gt; :main:filterAdvice[m[0K[20D[1B[5A[1m&lt;[0;32;1m==========[0;39;1m---&gt; 78% EXECUTING [2s][m[34D[1B&gt; IDLE[0K[6D[1B[1m&gt; :macrobenchmark:packageBenchmark[m[0K[34D[2B[1m&gt; :main:mergeDebugGeneratedProguardFiles[m[40D[1B[5A[1m&lt;[0;32;1m==========[0;39;1m---&gt; 82% EXECUTING [3s][m[34D[1B[1m&gt; :app:lintVitalReportBenchmark[m[31D[2B[1m&gt; :main:bundleDebugLocalLintAar[m[31D[1B[1m&gt; :microbenchmark:lintReportRelease[m[0K[35D[1B[5A[1m&lt;[0;32;1m===========[0;39;1m--&gt; 85% EXECUTING [3s][m[34D[3B[1m&gt; :app:mergeBenchmarkArtProfile[m[31D[2B[5A[1m&lt;[0;32;1m===========[0;39;1m--&gt; 86% EXECUTING [3s][m[34D[1B[1m&gt; :main:testDebugUnitTest &gt; 0 tests completed[m[45D[3B[1m&gt; :app:mergeDexBenchmark &gt; Unpacking build cache entry[m[54D[1B[5A[1m&lt;[0;32;1m===========[0;39;1m--&gt; 87% EXECUTING [3s][m[34D[4B[1m&gt; :app:mergeBenchmarkJavaResource[m[0K[33D[1B[3A[1m&gt; :app:collectBenchmarkDependencies[m[35D[3B[5A[1m&lt;[0;32;1m===========[0;39;1m--&gt; 88% EXECUTING [3s][m[34D[2B[1m&gt; :app:mergeDebugShaders &gt; Unpacking build cache entry[m[54D[3B[5A[1m&lt;[0;32;1m===========[0;39;1m--&gt; 90% EXECUTING [3s][m[34D[2B[1m&gt; :app:mergeDebugJavaResource[m[0K[29D[2B[1m&gt; :app:mergeExtDexDebug &gt; Unpacking build cache entry[m[53D[1B[3A&gt; IDLE[0K[6D[2B[1m&gt; :app:mergeLibDexDebug[m[0K[23D[1B[5A[1m&lt;[0;32;1m===========[0;39;1m--&gt; 91% EXECUTING [4s][m[34D[2B[1m&gt; :app:lintVitalAnalyzeRelease &gt; Resolve files of :app:releaseRuntimeClasspath[m[78D[2B[1m&gt; :app:packageDebug[m[0K[19D[1B[5A[1m&lt;[0;32;1m============[0;39;1m-&gt; 93% EXECUTING [4s][m[34D[2B[1m&gt; :app:mergeReleaseJavaResource[m[0K[31D[1B[1m&gt; :app:packageBenchmark[m[0K[23D[2B[5A[1m&lt;[0;32;1m============[0;39;1m-&gt; 94% EXECUTING [4s][m[34D[5B[3A[1m&gt; :app:minifyReleaseWithR8 &gt; Unpacking build cache entry[m[56D[3B[3A&gt; IDLE[0K[6D[3B[3A[1m&gt; :app:compileReleaseArtProfile &gt; Unpacking build cache entry[m[61D[3B[3A[1m&gt; :app:sdkReleaseDependencyData[m[0K[31D[3B[5A[1m&lt;[0;32;1m============[0;39;1m-&gt; 95% EXECUTING [4s][m[34D[2B[1m&gt; :main:testDebugUnitTest &gt; Executing test ru.vorobeij.android.app.main.Example[m[79D[3B[5A[1m&lt;[0;32;1m============[0;39;1m-&gt; 96% EXECUTING [4s][m[34D[3B[1m&gt; :app:lintReportDebug[m[0K[22D[2B[5A[1m&lt;[0;32;1m============[0;39;1m-&gt; 97% EXECUTING [5s][m[34D[1B[1m&gt; :main:testDebugUnitTest &gt; 1 test completed, 1 failed[m[54D[1B&gt; IDLE[0K[6D[1B&gt; IDLE[0K[6D[1B&gt; IDLE[0K[6D[1B[5A[0K&#10;[31;1m&gt; Task :main:testDebugUnitTest[0;39m[31m FAILED[39m[0K&#10;[0K&#10;ru.vorobeij.android.app.main.ExampleUnitTest &gt; addition_isCorrect [31mFAILED[39m[0K&#10;    java.lang.AssertionError at ExampleUnitTest.kt:14[0K&#10;[0K&#10;[0K&#10;[0K&#10;[0K&#10;[0K&#10;[5A[1m&lt;[0;31;1m============[0;39;1m-&gt; 98% EXECUTING [5s][m[34D[1B&gt; IDLE[6D[1B&gt; IDLE[6D[1B&gt; IDLE[6D[1B&gt; IDLE[6D[1B[5A[0K&#10;Deprecated Gradle features were used in this build, making it incompatible with Gradle 8.0.[0K&#10;[0K&#10;You can use &apos;--warning-mode all&apos; to show the individual deprecation warnings and determine if they come from your own scripts or plugins.[0K&#10;[0K&#10;See https://docs.gradle.org/7.5.1/userguide/command_line_interface.html#sec:command_line_warnings&#10;578 actionable tasks: 147 executed, 409 from cache, 22 up-to-date&#10;[0K&#10;[0K&#10;[0K&#10;[0K&#10;[0K&#10;[5A[1m&lt;[0;1m-------------&gt; 0% WAITING[m[26D[1B&gt; IDLE[6D[1B&gt; IDLE[6D[1B&gt; IDLE[6D[1B&gt; IDLE[6D[1B&#10;1 test completed, 1 failed&#10;&#10;[31mFAILURE: [39m[31mBuild failed with an exception.[39m&#10;&#10;* What went wrong:&#10;Execution failed for task &apos;:main:testDebugUnitTest&apos;.&#10;[33m&gt; [39mThere were failing tests. See the report at: file:///Users/sj/AndroidApps/AndroidAppTemplate/main/build/reports/tests/testDebugUnitTest/index.html&#10;&#10;* Try:&#10;[33m&gt; [39mRun with [1m--stacktrace[m option to get the stack trace.&#10;[33m&gt; [39mRun with [1m--info[m or [1m--debug[m option to get more log output.&#10;[33m&gt; [39mRun with [1m--scan[m to get full insights.&#10;&#10;* Get more help at [1mhttps://help.gradle.org[m&#10;&#10;[31;1mBUILD FAILED[0;39m in 6s&#10;[5A[2K[1B[2K[1B[2K[1B[2K[1B[2K[4A" />

        </testcase>

    </testsuite>
</testsuites>
